2019/02/10-22:50 [main] INFO  com.silver.tss.TssApplication- Starting TssApplication on LynchdeMacBook-Pro.local with PID 1316 (/Users/lynch/Documents/Idea/TSS-master/target/classes started by lynch in /Users/lynch/Documents/Idea/TSS-master)
2019/02/10-22:50 [main] INFO  com.silver.tss.TssApplication- No active profile set, falling back to default profiles: default
2019/02/10-22:50 [main] INFO  org.springframework.boot.web.servlet.context.AnnotationConfigServletWebServerApplicationContext- Refreshing org.springframework.boot.web.servlet.context.AnnotationConfigServletWebServerApplicationContext@5a63f509: startup date [Sun Feb 10 22:50:13 CST 2019]; root of context hierarchy
2019/02/10-22:50 [main] INFO  org.springframework.context.support.PostProcessorRegistrationDelegate$BeanPostProcessorChecker- Bean 'org.springframework.transaction.annotation.ProxyTransactionManagementConfiguration' of type [org.springframework.transaction.annotation.ProxyTransactionManagementConfiguration$$EnhancerBySpringCGLIB$$42a62c85] is not eligible for getting processed by all BeanPostProcessors (for example: not eligible for auto-proxying)
2019/02/10-22:50 [main] INFO  org.springframework.boot.web.embedded.tomcat.TomcatWebServer- Tomcat initialized with port(s): 8080 (http)
2019/02/10-22:50 [main] INFO  org.apache.catalina.core.StandardService- Starting service [Tomcat]
2019/02/10-22:50 [main] INFO  org.apache.catalina.core.StandardEngine- Starting Servlet Engine: Apache Tomcat/8.5.34
2019/02/10-22:50 [localhost-startStop-1] INFO  org.apache.catalina.core.AprLifecycleListener- The APR based Apache Tomcat Native library which allows optimal performance in production environments was not found on the java.library.path: [/Users/lynch/Library/Java/Extensions:/Library/Java/Extensions:/Network/Library/Java/Extensions:/System/Library/Java/Extensions:/usr/lib/java:.]
2019/02/10-22:50 [localhost-startStop-1] INFO  org.apache.catalina.core.ContainerBase.[Tomcat].[localhost].[/]- Initializing Spring embedded WebApplicationContext
2019/02/10-22:50 [localhost-startStop-1] INFO  org.springframework.web.context.ContextLoader- Root WebApplicationContext: initialization completed in 1790 ms
2019/02/10-22:50 [localhost-startStop-1] INFO  org.springframework.boot.web.servlet.ServletRegistrationBean- Servlet dispatcherServlet mapped to [/]
2019/02/10-22:50 [localhost-startStop-1] INFO  org.springframework.boot.web.servlet.FilterRegistrationBean- Mapping filter: 'characterEncodingFilter' to: [/*]
2019/02/10-22:50 [localhost-startStop-1] INFO  org.springframework.boot.web.servlet.FilterRegistrationBean- Mapping filter: 'hiddenHttpMethodFilter' to: [/*]
2019/02/10-22:50 [localhost-startStop-1] INFO  org.springframework.boot.web.servlet.FilterRegistrationBean- Mapping filter: 'httpPutFormContentFilter' to: [/*]
2019/02/10-22:50 [localhost-startStop-1] INFO  org.springframework.boot.web.servlet.FilterRegistrationBean- Mapping filter: 'requestContextFilter' to: [/*]
2019/02/10-22:50 [main] INFO  org.springframework.orm.jpa.LocalContainerEntityManagerFactoryBean- Building JPA container EntityManagerFactory for persistence unit 'default'
2019/02/10-22:50 [main] INFO  org.hibernate.jpa.internal.util.LogHelper- HHH000204: Processing PersistenceUnitInfo [
	name: default
	...]
2019/02/10-22:50 [main] INFO  org.hibernate.Version- HHH000412: Hibernate Core {5.2.17.Final}
2019/02/10-22:50 [main] INFO  org.hibernate.cfg.Environment- HHH000206: hibernate.properties not found
2019/02/10-22:50 [main] INFO  org.hibernate.annotations.common.Version- HCANN000001: Hibernate Commons Annotations {5.0.1.Final}
2019/02/10-22:50 [main] INFO  com.zaxxer.hikari.HikariDataSource- HikariPool-1 - Starting...
2019/02/10-22:50 [main] INFO  com.zaxxer.hikari.HikariDataSource- HikariPool-1 - Start completed.
2019/02/10-22:50 [main] INFO  org.hibernate.dialect.Dialect- HHH000400: Using dialect: org.hibernate.dialect.MySQL5Dialect
2019/02/10-22:50 [main] INFO  org.springframework.orm.jpa.LocalContainerEntityManagerFactoryBean- Initialized JPA EntityManagerFactory for persistence unit 'default'
2019/02/10-22:50 [main] INFO  org.hibernate.hql.internal.QueryTranslatorFactoryInitiator- HHH000397: Using ASTQueryTranslatorFactory
2019/02/10-22:50 [main] INFO  org.springframework.web.servlet.handler.SimpleUrlHandlerMapping- Mapped URL path [/**/favicon.ico] onto handler of type [class org.springframework.web.servlet.resource.ResourceHttpRequestHandler]
2019/02/10-22:50 [main] INFO  org.springframework.web.servlet.mvc.method.annotation.RequestMappingHandlerAdapter- Looking for @ControllerAdvice: org.springframework.boot.web.servlet.context.AnnotationConfigServletWebServerApplicationContext@5a63f509: startup date [Sun Feb 10 22:50:13 CST 2019]; root of context hierarchy
2019/02/10-22:50 [main] WARN  org.springframework.boot.autoconfigure.orm.jpa.JpaBaseConfiguration$JpaWebConfiguration$JpaWebMvcConfiguration- spring.jpa.open-in-view is enabled by default. Therefore, database queries may be performed during view rendering. Explicitly configure spring.jpa.open-in-view to disable this warning
2019/02/10-22:50 [main] INFO  org.springframework.web.servlet.mvc.method.annotation.RequestMappingHandlerMapping- Mapped "{[/excel/import/students],methods=[POST]}" onto public com.alibaba.fastjson.JSONObject com.silver.tss.web.ExcelController.importStudents(org.springframework.web.multipart.MultipartFile)
2019/02/10-22:50 [main] INFO  org.springframework.web.servlet.mvc.method.annotation.RequestMappingHandlerMapping- Mapped "{[/excel/import/topics],methods=[POST]}" onto public com.alibaba.fastjson.JSONObject com.silver.tss.web.ExcelController.importTopics(org.springframework.web.multipart.MultipartFile)
2019/02/10-22:50 [main] INFO  org.springframework.web.servlet.mvc.method.annotation.RequestMappingHandlerMapping- Mapped "{[/excel/import/osstopics],methods=[POST]}" onto public com.alibaba.fastjson.JSONObject com.silver.tss.web.ExcelController.importOSSTopics(org.springframework.web.multipart.MultipartFile)
2019/02/10-22:50 [main] INFO  org.springframework.web.servlet.mvc.method.annotation.RequestMappingHandlerMapping- Mapped "{[/excel/import/teachers],methods=[POST]}" onto public com.alibaba.fastjson.JSONObject com.silver.tss.web.ExcelController.importTeachers(org.springframework.web.multipart.MultipartFile)
2019/02/10-22:50 [main] INFO  org.springframework.web.servlet.mvc.method.annotation.RequestMappingHandlerMapping- Mapped "{[/excel/export/students],methods=[GET]}" onto public void com.silver.tss.web.ExcelController.exportStudents(java.lang.String,javax.servlet.http.HttpServletResponse)
2019/02/10-22:50 [main] INFO  org.springframework.web.servlet.mvc.method.annotation.RequestMappingHandlerMapping- Mapped "{[/statistics/get/type],methods=[GET]}" onto public com.alibaba.fastjson.JSONObject com.silver.tss.web.StatisticsController.getTypeInfo(java.lang.String)
2019/02/10-22:50 [main] INFO  org.springframework.web.servlet.mvc.method.annotation.RequestMappingHandlerMapping- Mapped "{[/statistics/get/topic],methods=[GET]}" onto public com.alibaba.fastjson.JSONObject com.silver.tss.web.StatisticsController.getTopicInfo(java.lang.String)
2019/02/10-22:50 [main] INFO  org.springframework.web.servlet.mvc.method.annotation.RequestMappingHandlerMapping- Mapped "{[/statistics/get/final],methods=[GET]}" onto public com.alibaba.fastjson.JSONObject com.silver.tss.web.StatisticsController.getFinalInfo()
2019/02/10-22:50 [main] INFO  org.springframework.web.servlet.mvc.method.annotation.RequestMappingHandlerMapping- Mapped "{[/statistics/get/class],methods=[GET]}" onto public com.alibaba.fastjson.JSONObject com.silver.tss.web.StatisticsController.getClassInfo(java.lang.String)
2019/02/10-22:50 [main] INFO  org.springframework.web.servlet.mvc.method.annotation.RequestMappingHandlerMapping- Mapped "{[/status/change/status],methods=[GET]}" onto public com.alibaba.fastjson.JSONObject com.silver.tss.web.StatusController.changeStatus(int)
2019/02/10-22:50 [main] INFO  org.springframework.web.servlet.mvc.method.annotation.RequestMappingHandlerMapping- Mapped "{[/status/change/topictime],methods=[GET]}" onto public com.alibaba.fastjson.JSONObject com.silver.tss.web.StatusController.setTopicTime(java.lang.String,java.lang.String)
2019/02/10-22:50 [main] INFO  org.springframework.web.servlet.mvc.method.annotation.RequestMappingHandlerMapping- Mapped "{[/student/update/pwd],methods=[GET]}" onto public com.alibaba.fastjson.JSONObject com.silver.tss.web.StudentController.updatePwd(java.lang.String,java.lang.String)
2019/02/10-22:50 [main] INFO  org.springframework.web.servlet.mvc.method.annotation.RequestMappingHandlerMapping- Mapped "{[/student/login],methods=[GET]}" onto public com.alibaba.fastjson.JSONObject com.silver.tss.web.StudentController.login(java.lang.String,java.lang.String)
2019/02/10-22:50 [main] INFO  org.springframework.web.servlet.mvc.method.annotation.RequestMappingHandlerMapping- Mapped "{[/student/get/list],methods=[GET]}" onto public com.alibaba.fastjson.JSONObject com.silver.tss.web.StudentController.getStudentsList(java.lang.String)
2019/02/10-22:50 [main] INFO  org.springframework.web.servlet.mvc.method.annotation.RequestMappingHandlerMapping- Mapped "{[/teacher/update/pwd],methods=[GET]}" onto public com.alibaba.fastjson.JSONObject com.silver.tss.web.TeacherController.updatePwd(java.lang.String,java.lang.String)
2019/02/10-22:50 [main] INFO  org.springframework.web.servlet.mvc.method.annotation.RequestMappingHandlerMapping- Mapped "{[/teacher/login],methods=[GET]}" onto public com.alibaba.fastjson.JSONObject com.silver.tss.web.TeacherController.login(java.lang.String,java.lang.String)
2019/02/10-22:50 [main] INFO  org.springframework.web.servlet.mvc.method.annotation.RequestMappingHandlerMapping- Mapped "{[/topic/select/topic],methods=[GET]}" onto public com.alibaba.fastjson.JSONObject com.silver.tss.web.TopicController.selectTopic(java.lang.String,java.lang.String)
2019/02/10-22:50 [main] INFO  org.springframework.web.servlet.mvc.method.annotation.RequestMappingHandlerMapping- Mapped "{[/topic/drop/topic],methods=[GET]}" onto public com.alibaba.fastjson.JSONObject com.silver.tss.web.TopicController.dropTopic(java.lang.String,java.lang.String)
2019/02/10-22:50 [main] INFO  org.springframework.web.servlet.mvc.method.annotation.RequestMappingHandlerMapping- Mapped "{[/topic/delete/topic],methods=[GET]}" onto public com.alibaba.fastjson.JSONObject com.silver.tss.web.TopicController.deleteTopic(java.lang.String)
2019/02/10-22:50 [main] INFO  org.springframework.web.servlet.mvc.method.annotation.RequestMappingHandlerMapping- Mapped "{[/topic/update/topic],methods=[GET]}" onto public com.alibaba.fastjson.JSONObject com.silver.tss.web.TopicController.updateTopic(java.lang.String,java.lang.String,java.lang.String)
2019/02/10-22:50 [main] INFO  org.springframework.web.servlet.mvc.method.annotation.RequestMappingHandlerMapping- Mapped "{[/topic/show/selectedtopic],methods=[GET]}" onto public com.alibaba.fastjson.JSONObject com.silver.tss.web.TopicController.selectedTopic(java.lang.String)
2019/02/10-22:50 [main] INFO  org.springframework.web.servlet.mvc.method.annotation.RequestMappingHandlerMapping- Mapped "{[/topic/update/data],methods=[POST]}" onto public com.alibaba.fastjson.JSONObject com.silver.tss.web.TopicController.updateTopicData(com.silver.tss.domain.Topic)
2019/02/10-22:50 [main] INFO  org.springframework.web.servlet.mvc.method.annotation.RequestMappingHandlerMapping- Mapped "{[/topic/get/list],methods=[GET]}" onto public com.alibaba.fastjson.JSONObject com.silver.tss.web.TopicController.getTopicsList()
2019/02/10-22:50 [main] INFO  org.springframework.web.servlet.mvc.method.annotation.RequestMappingHandlerMapping- Mapped "{[/error]}" onto public org.springframework.http.ResponseEntity<java.util.Map<java.lang.String, java.lang.Object>> org.springframework.boot.autoconfigure.web.servlet.error.BasicErrorController.error(javax.servlet.http.HttpServletRequest)
2019/02/10-22:50 [main] INFO  org.springframework.web.servlet.mvc.method.annotation.RequestMappingHandlerMapping- Mapped "{[/error],produces=[text/html]}" onto public org.springframework.web.servlet.ModelAndView org.springframework.boot.autoconfigure.web.servlet.error.BasicErrorController.errorHtml(javax.servlet.http.HttpServletRequest,javax.servlet.http.HttpServletResponse)
2019/02/10-22:50 [main] INFO  org.springframework.web.servlet.handler.SimpleUrlHandlerMapping- Mapped URL path [/webjars/**] onto handler of type [class org.springframework.web.servlet.resource.ResourceHttpRequestHandler]
2019/02/10-22:50 [main] INFO  org.springframework.web.servlet.handler.SimpleUrlHandlerMapping- Mapped URL path [/**] onto handler of type [class org.springframework.web.servlet.resource.ResourceHttpRequestHandler]
2019/02/10-22:50 [main] INFO  org.springframework.jmx.export.annotation.AnnotationMBeanExporter- Registering beans for JMX exposure on startup
2019/02/10-22:50 [main] INFO  org.springframework.jmx.export.annotation.AnnotationMBeanExporter- Bean with name 'dataSource' has been autodetected for JMX exposure
2019/02/10-22:50 [main] INFO  org.springframework.jmx.export.annotation.AnnotationMBeanExporter- Located MBean 'dataSource': registering with JMX server as MBean [com.zaxxer.hikari:name=dataSource,type=HikariDataSource]
2019/02/10-22:50 [main] INFO  org.springframework.boot.web.embedded.tomcat.TomcatWebServer- Tomcat started on port(s): 8080 (http) with context path ''
2019/02/10-22:50 [main] INFO  com.silver.tss.TssApplication- Started TssApplication in 4.879 seconds (JVM running for 5.525)
2019/02/10-22:51 [Thread-13] INFO  org.springframework.boot.web.servlet.context.AnnotationConfigServletWebServerApplicationContext- Closing org.springframework.boot.web.servlet.context.AnnotationConfigServletWebServerApplicationContext@5a63f509: startup date [Sun Feb 10 22:50:13 CST 2019]; root of context hierarchy
2019/02/10-22:51 [Thread-13] INFO  org.springframework.jmx.export.annotation.AnnotationMBeanExporter- Unregistering JMX-exposed beans on shutdown
2019/02/10-22:51 [Thread-13] INFO  org.springframework.jmx.export.annotation.AnnotationMBeanExporter- Unregistering JMX-exposed beans
2019/02/10-22:51 [Thread-13] INFO  org.springframework.orm.jpa.LocalContainerEntityManagerFactoryBean- Closing JPA EntityManagerFactory for persistence unit 'default'
2019/02/10-22:51 [Thread-13] INFO  com.zaxxer.hikari.HikariDataSource- HikariPool-1 - Shutdown initiated...
2019/02/10-22:51 [Thread-13] INFO  com.zaxxer.hikari.HikariDataSource- HikariPool-1 - Shutdown completed.
2019/04/21-16:24 [main] INFO  com.silver.tss.TssApplication- Starting TssApplication on LynchdeMacBook-Pro.local with PID 97603 (/Users/lynch/Documents/Idea/TSS-master/target/classes started by lynch in /Users/lynch/Documents/Idea/TSS-master)
2019/04/21-16:24 [main] INFO  com.silver.tss.TssApplication- No active profile set, falling back to default profiles: default
2019/04/21-16:24 [main] INFO  org.springframework.boot.web.servlet.context.AnnotationConfigServletWebServerApplicationContext- Refreshing org.springframework.boot.web.servlet.context.AnnotationConfigServletWebServerApplicationContext@703580bf: startup date [Sun Apr 21 16:24:16 CST 2019]; root of context hierarchy
2019/04/21-16:24 [main] INFO  org.springframework.context.support.PostProcessorRegistrationDelegate$BeanPostProcessorChecker- Bean 'org.springframework.transaction.annotation.ProxyTransactionManagementConfiguration' of type [org.springframework.transaction.annotation.ProxyTransactionManagementConfiguration$$EnhancerBySpringCGLIB$$f7977aaf] is not eligible for getting processed by all BeanPostProcessors (for example: not eligible for auto-proxying)
2019/04/21-16:24 [main] INFO  org.springframework.boot.web.embedded.tomcat.TomcatWebServer- Tomcat initialized with port(s): 8080 (http)
2019/04/21-16:24 [main] INFO  org.apache.catalina.core.StandardService- Starting service [Tomcat]
2019/04/21-16:24 [main] INFO  org.apache.catalina.core.StandardEngine- Starting Servlet Engine: Apache Tomcat/8.5.34
2019/04/21-16:24 [localhost-startStop-1] INFO  org.apache.catalina.core.AprLifecycleListener- The APR based Apache Tomcat Native library which allows optimal performance in production environments was not found on the java.library.path: [/Users/lynch/Library/Java/Extensions:/Library/Java/Extensions:/Network/Library/Java/Extensions:/System/Library/Java/Extensions:/usr/lib/java:.]
2019/04/21-16:24 [localhost-startStop-1] INFO  org.apache.catalina.core.ContainerBase.[Tomcat].[localhost].[/]- Initializing Spring embedded WebApplicationContext
2019/04/21-16:24 [localhost-startStop-1] INFO  org.springframework.web.context.ContextLoader- Root WebApplicationContext: initialization completed in 2180 ms
2019/04/21-16:24 [localhost-startStop-1] INFO  org.springframework.boot.web.servlet.ServletRegistrationBean- Servlet dispatcherServlet mapped to [/]
2019/04/21-16:24 [localhost-startStop-1] INFO  org.springframework.boot.web.servlet.FilterRegistrationBean- Mapping filter: 'characterEncodingFilter' to: [/*]
2019/04/21-16:24 [localhost-startStop-1] INFO  org.springframework.boot.web.servlet.FilterRegistrationBean- Mapping filter: 'hiddenHttpMethodFilter' to: [/*]
2019/04/21-16:24 [localhost-startStop-1] INFO  org.springframework.boot.web.servlet.FilterRegistrationBean- Mapping filter: 'httpPutFormContentFilter' to: [/*]
2019/04/21-16:24 [localhost-startStop-1] INFO  org.springframework.boot.web.servlet.FilterRegistrationBean- Mapping filter: 'requestContextFilter' to: [/*]
2019/04/21-16:24 [main] INFO  org.springframework.orm.jpa.LocalContainerEntityManagerFactoryBean- Building JPA container EntityManagerFactory for persistence unit 'default'
2019/04/21-16:24 [main] INFO  org.hibernate.jpa.internal.util.LogHelper- HHH000204: Processing PersistenceUnitInfo [
	name: default
	...]
2019/04/21-16:24 [main] INFO  org.hibernate.Version- HHH000412: Hibernate Core {5.2.17.Final}
2019/04/21-16:24 [main] INFO  org.hibernate.cfg.Environment- HHH000206: hibernate.properties not found
2019/04/21-16:24 [main] INFO  org.hibernate.annotations.common.Version- HCANN000001: Hibernate Commons Annotations {5.0.1.Final}
2019/04/21-16:24 [main] INFO  com.zaxxer.hikari.HikariDataSource- HikariPool-1 - Starting...
2019/04/21-16:24 [main] ERROR com.zaxxer.hikari.pool.HikariPool- HikariPool-1 - Exception during pool initialization.
java.sql.SQLException: Access denied for user 'root'@'localhost' (using password: YES)
	at com.mysql.cj.jdbc.exceptions.SQLError.createSQLException(SQLError.java:129)
	at com.mysql.cj.jdbc.exceptions.SQLError.createSQLException(SQLError.java:97)
	at com.mysql.cj.jdbc.exceptions.SQLExceptionsMapping.translateException(SQLExceptionsMapping.java:122)
	at com.mysql.cj.jdbc.ConnectionImpl.createNewIO(ConnectionImpl.java:832)
	at com.mysql.cj.jdbc.ConnectionImpl.<init>(ConnectionImpl.java:456)
	at com.mysql.cj.jdbc.ConnectionImpl.getInstance(ConnectionImpl.java:240)
	at com.mysql.cj.jdbc.NonRegisteringDriver.connect(NonRegisteringDriver.java:207)
	at com.zaxxer.hikari.util.DriverDataSource.getConnection(DriverDataSource.java:117)
	at com.zaxxer.hikari.util.DriverDataSource.getConnection(DriverDataSource.java:123)
	at com.zaxxer.hikari.pool.PoolBase.newConnection(PoolBase.java:365)
	at com.zaxxer.hikari.pool.PoolBase.newPoolEntry(PoolBase.java:194)
	at com.zaxxer.hikari.pool.HikariPool.createPoolEntry(HikariPool.java:460)
	at com.zaxxer.hikari.pool.HikariPool.checkFailFast(HikariPool.java:534)
	at com.zaxxer.hikari.pool.HikariPool.<init>(HikariPool.java:115)
	at com.zaxxer.hikari.HikariDataSource.getConnection(HikariDataSource.java:112)
	at org.hibernate.engine.jdbc.connections.internal.DatasourceConnectionProviderImpl.getConnection(DatasourceConnectionProviderImpl.java:122)
	at org.hibernate.engine.jdbc.env.internal.JdbcEnvironmentInitiator$ConnectionProviderJdbcConnectionAccess.obtainConnection(JdbcEnvironmentInitiator.java:180)
	at org.hibernate.engine.jdbc.env.internal.JdbcEnvironmentInitiator.initiateService(JdbcEnvironmentInitiator.java:68)
	at org.hibernate.engine.jdbc.env.internal.JdbcEnvironmentInitiator.initiateService(JdbcEnvironmentInitiator.java:35)
	at org.hibernate.boot.registry.internal.StandardServiceRegistryImpl.initiateService(StandardServiceRegistryImpl.java:88)
	at org.hibernate.service.internal.AbstractServiceRegistryImpl.createService(AbstractServiceRegistryImpl.java:259)
	at org.hibernate.service.internal.AbstractServiceRegistryImpl.initializeService(AbstractServiceRegistryImpl.java:233)
	at org.hibernate.service.internal.AbstractServiceRegistryImpl.getService(AbstractServiceRegistryImpl.java:210)
	at org.hibernate.engine.jdbc.internal.JdbcServicesImpl.configure(JdbcServicesImpl.java:51)
	at org.hibernate.boot.registry.internal.StandardServiceRegistryImpl.configureService(StandardServiceRegistryImpl.java:94)
	at org.hibernate.service.internal.AbstractServiceRegistryImpl.initializeService(AbstractServiceRegistryImpl.java:242)
	at org.hibernate.service.internal.AbstractServiceRegistryImpl.getService(AbstractServiceRegistryImpl.java:210)
	at org.hibernate.boot.model.process.spi.MetadataBuildingProcess.handleTypes(MetadataBuildingProcess.java:352)
	at org.hibernate.boot.model.process.spi.MetadataBuildingProcess.complete(MetadataBuildingProcess.java:111)
	at org.hibernate.jpa.boot.internal.EntityManagerFactoryBuilderImpl.metadata(EntityManagerFactoryBuilderImpl.java:861)
	at org.hibernate.jpa.boot.internal.EntityManagerFactoryBuilderImpl.build(EntityManagerFactoryBuilderImpl.java:888)
	at org.springframework.orm.jpa.vendor.SpringHibernateJpaPersistenceProvider.createContainerEntityManagerFactory(SpringHibernateJpaPersistenceProvider.java:57)
	at org.springframework.orm.jpa.LocalContainerEntityManagerFactoryBean.createNativeEntityManagerFactory(LocalContainerEntityManagerFactoryBean.java:365)
	at org.springframework.orm.jpa.AbstractEntityManagerFactoryBean.buildNativeEntityManagerFactory(AbstractEntityManagerFactoryBean.java:390)
	at org.springframework.orm.jpa.AbstractEntityManagerFactoryBean.afterPropertiesSet(AbstractEntityManagerFactoryBean.java:377)
	at org.springframework.orm.jpa.LocalContainerEntityManagerFactoryBean.afterPropertiesSet(LocalContainerEntityManagerFactoryBean.java:341)
	at org.springframework.beans.factory.support.AbstractAutowireCapableBeanFactory.invokeInitMethods(AbstractAutowireCapableBeanFactory.java:1753)
	at org.springframework.beans.factory.support.AbstractAutowireCapableBeanFactory.initializeBean(AbstractAutowireCapableBeanFactory.java:1690)
	at org.springframework.beans.factory.support.AbstractAutowireCapableBeanFactory.doCreateBean(AbstractAutowireCapableBeanFactory.java:573)
	at org.springframework.beans.factory.support.AbstractAutowireCapableBeanFactory.createBean(AbstractAutowireCapableBeanFactory.java:495)
	at org.springframework.beans.factory.support.AbstractBeanFactory.lambda$doGetBean$0(AbstractBeanFactory.java:317)
	at org.springframework.beans.factory.support.DefaultSingletonBeanRegistry.getSingleton(DefaultSingletonBeanRegistry.java:222)
	at org.springframework.beans.factory.support.AbstractBeanFactory.doGetBean(AbstractBeanFactory.java:315)
	at org.springframework.beans.factory.support.AbstractBeanFactory.getBean(AbstractBeanFactory.java:199)
	at org.springframework.context.support.AbstractApplicationContext.getBean(AbstractApplicationContext.java:1087)
	at org.springframework.context.support.AbstractApplicationContext.finishBeanFactoryInitialization(AbstractApplicationContext.java:857)
	at org.springframework.context.support.AbstractApplicationContext.refresh(AbstractApplicationContext.java:548)
	at org.springframework.boot.web.servlet.context.ServletWebServerApplicationContext.refresh(ServletWebServerApplicationContext.java:140)
	at org.springframework.boot.SpringApplication.refresh(SpringApplication.java:754)
	at org.springframework.boot.SpringApplication.refreshContext(SpringApplication.java:386)
	at org.springframework.boot.SpringApplication.run(SpringApplication.java:307)
	at org.springframework.boot.SpringApplication.run(SpringApplication.java:1242)
	at org.springframework.boot.SpringApplication.run(SpringApplication.java:1230)
	at com.silver.tss.TssApplication.main(TssApplication.java:20)
2019/04/21-16:24 [main] WARN  org.hibernate.engine.jdbc.env.internal.JdbcEnvironmentInitiator- HHH000342: Could not obtain connection to query metadata : Access denied for user 'root'@'localhost' (using password: YES)
2019/04/21-16:24 [main] INFO  org.hibernate.dialect.Dialect- HHH000400: Using dialect: org.hibernate.dialect.MySQL5Dialect
2019/04/21-16:24 [main] INFO  org.hibernate.engine.jdbc.env.internal.LobCreatorBuilderImpl- HHH000422: Disabling contextual LOB creation as connection was null
2019/04/21-16:24 [main] INFO  com.zaxxer.hikari.HikariDataSource- HikariPool-1 - Starting...
2019/04/21-16:24 [main] ERROR com.zaxxer.hikari.pool.HikariPool- HikariPool-1 - Exception during pool initialization.
java.sql.SQLException: Access denied for user 'root'@'localhost' (using password: YES)
	at com.mysql.cj.jdbc.exceptions.SQLError.createSQLException(SQLError.java:129)
	at com.mysql.cj.jdbc.exceptions.SQLError.createSQLException(SQLError.java:97)
	at com.mysql.cj.jdbc.exceptions.SQLExceptionsMapping.translateException(SQLExceptionsMapping.java:122)
	at com.mysql.cj.jdbc.ConnectionImpl.createNewIO(ConnectionImpl.java:832)
	at com.mysql.cj.jdbc.ConnectionImpl.<init>(ConnectionImpl.java:456)
	at com.mysql.cj.jdbc.ConnectionImpl.getInstance(ConnectionImpl.java:240)
	at com.mysql.cj.jdbc.NonRegisteringDriver.connect(NonRegisteringDriver.java:207)
	at com.zaxxer.hikari.util.DriverDataSource.getConnection(DriverDataSource.java:117)
	at com.zaxxer.hikari.util.DriverDataSource.getConnection(DriverDataSource.java:123)
	at com.zaxxer.hikari.pool.PoolBase.newConnection(PoolBase.java:365)
	at com.zaxxer.hikari.pool.PoolBase.newPoolEntry(PoolBase.java:194)
	at com.zaxxer.hikari.pool.HikariPool.createPoolEntry(HikariPool.java:460)
	at com.zaxxer.hikari.pool.HikariPool.checkFailFast(HikariPool.java:534)
	at com.zaxxer.hikari.pool.HikariPool.<init>(HikariPool.java:115)
	at com.zaxxer.hikari.HikariDataSource.getConnection(HikariDataSource.java:112)
	at org.hibernate.engine.jdbc.connections.internal.DatasourceConnectionProviderImpl.getConnection(DatasourceConnectionProviderImpl.java:122)
	at org.hibernate.engine.jdbc.env.internal.JdbcEnvironmentInitiator$ConnectionProviderJdbcConnectionAccess.obtainConnection(JdbcEnvironmentInitiator.java:180)
	at org.hibernate.resource.transaction.backend.jdbc.internal.DdlTransactionIsolatorNonJtaImpl.getIsolatedConnection(DdlTransactionIsolatorNonJtaImpl.java:43)
	at org.hibernate.tool.schema.internal.exec.ImprovedExtractionContextImpl.getJdbcConnection(ImprovedExtractionContextImpl.java:60)
	at org.hibernate.tool.schema.internal.exec.ImprovedExtractionContextImpl.getJdbcDatabaseMetaData(ImprovedExtractionContextImpl.java:67)
	at org.hibernate.tool.schema.extract.internal.InformationExtractorJdbcDatabaseMetaDataImpl.getTables(InformationExtractorJdbcDatabaseMetaDataImpl.java:329)
	at org.hibernate.tool.schema.extract.internal.DatabaseInformationImpl.getTablesInformation(DatabaseInformationImpl.java:120)
	at org.hibernate.tool.schema.internal.GroupedSchemaMigratorImpl.performTablesMigration(GroupedSchemaMigratorImpl.java:65)
	at org.hibernate.tool.schema.internal.AbstractSchemaMigrator.performMigration(AbstractSchemaMigrator.java:207)
	at org.hibernate.tool.schema.internal.AbstractSchemaMigrator.doMigration(AbstractSchemaMigrator.java:114)
	at org.hibernate.tool.schema.spi.SchemaManagementToolCoordinator.performDatabaseAction(SchemaManagementToolCoordinator.java:183)
	at org.hibernate.tool.schema.spi.SchemaManagementToolCoordinator.process(SchemaManagementToolCoordinator.java:72)
	at org.hibernate.internal.SessionFactoryImpl.<init>(SessionFactoryImpl.java:312)
	at org.hibernate.boot.internal.SessionFactoryBuilderImpl.build(SessionFactoryBuilderImpl.java:462)
	at org.hibernate.jpa.boot.internal.EntityManagerFactoryBuilderImpl.build(EntityManagerFactoryBuilderImpl.java:892)
	at org.springframework.orm.jpa.vendor.SpringHibernateJpaPersistenceProvider.createContainerEntityManagerFactory(SpringHibernateJpaPersistenceProvider.java:57)
	at org.springframework.orm.jpa.LocalContainerEntityManagerFactoryBean.createNativeEntityManagerFactory(LocalContainerEntityManagerFactoryBean.java:365)
	at org.springframework.orm.jpa.AbstractEntityManagerFactoryBean.buildNativeEntityManagerFactory(AbstractEntityManagerFactoryBean.java:390)
	at org.springframework.orm.jpa.AbstractEntityManagerFactoryBean.afterPropertiesSet(AbstractEntityManagerFactoryBean.java:377)
	at org.springframework.orm.jpa.LocalContainerEntityManagerFactoryBean.afterPropertiesSet(LocalContainerEntityManagerFactoryBean.java:341)
	at org.springframework.beans.factory.support.AbstractAutowireCapableBeanFactory.invokeInitMethods(AbstractAutowireCapableBeanFactory.java:1753)
	at org.springframework.beans.factory.support.AbstractAutowireCapableBeanFactory.initializeBean(AbstractAutowireCapableBeanFactory.java:1690)
	at org.springframework.beans.factory.support.AbstractAutowireCapableBeanFactory.doCreateBean(AbstractAutowireCapableBeanFactory.java:573)
	at org.springframework.beans.factory.support.AbstractAutowireCapableBeanFactory.createBean(AbstractAutowireCapableBeanFactory.java:495)
	at org.springframework.beans.factory.support.AbstractBeanFactory.lambda$doGetBean$0(AbstractBeanFactory.java:317)
	at org.springframework.beans.factory.support.DefaultSingletonBeanRegistry.getSingleton(DefaultSingletonBeanRegistry.java:222)
	at org.springframework.beans.factory.support.AbstractBeanFactory.doGetBean(AbstractBeanFactory.java:315)
	at org.springframework.beans.factory.support.AbstractBeanFactory.getBean(AbstractBeanFactory.java:199)
	at org.springframework.context.support.AbstractApplicationContext.getBean(AbstractApplicationContext.java:1087)
	at org.springframework.context.support.AbstractApplicationContext.finishBeanFactoryInitialization(AbstractApplicationContext.java:857)
	at org.springframework.context.support.AbstractApplicationContext.refresh(AbstractApplicationContext.java:548)
	at org.springframework.boot.web.servlet.context.ServletWebServerApplicationContext.refresh(ServletWebServerApplicationContext.java:140)
	at org.springframework.boot.SpringApplication.refresh(SpringApplication.java:754)
	at org.springframework.boot.SpringApplication.refreshContext(SpringApplication.java:386)
	at org.springframework.boot.SpringApplication.run(SpringApplication.java:307)
	at org.springframework.boot.SpringApplication.run(SpringApplication.java:1242)
	at org.springframework.boot.SpringApplication.run(SpringApplication.java:1230)
	at com.silver.tss.TssApplication.main(TssApplication.java:20)
2019/04/21-16:24 [main] WARN  org.hibernate.engine.jdbc.spi.SqlExceptionHelper- SQL Error: 1045, SQLState: 28000
2019/04/21-16:24 [main] ERROR org.hibernate.engine.jdbc.spi.SqlExceptionHelper- Access denied for user 'root'@'localhost' (using password: YES)
2019/04/21-16:24 [main] WARN  org.springframework.boot.web.servlet.context.AnnotationConfigServletWebServerApplicationContext- Exception encountered during context initialization - cancelling refresh attempt: org.springframework.beans.factory.BeanCreationException: Error creating bean with name 'entityManagerFactory' defined in class path resource [org/springframework/boot/autoconfigure/orm/jpa/HibernateJpaConfiguration.class]: Invocation of init method failed; nested exception is javax.persistence.PersistenceException: [PersistenceUnit: default] Unable to build Hibernate SessionFactory; nested exception is org.hibernate.exception.GenericJDBCException: Unable to open JDBC Connection for DDL execution
2019/04/21-16:24 [main] INFO  org.apache.catalina.core.StandardService- Stopping service [Tomcat]
2019/04/21-16:24 [main] INFO  org.springframework.boot.autoconfigure.logging.ConditionEvaluationReportLoggingListener- 

Error starting ApplicationContext. To display the conditions report re-run your application with 'debug' enabled.
2019/04/21-16:24 [main] ERROR org.springframework.boot.SpringApplication- Application run failed
org.springframework.beans.factory.BeanCreationException: Error creating bean with name 'entityManagerFactory' defined in class path resource [org/springframework/boot/autoconfigure/orm/jpa/HibernateJpaConfiguration.class]: Invocation of init method failed; nested exception is javax.persistence.PersistenceException: [PersistenceUnit: default] Unable to build Hibernate SessionFactory; nested exception is org.hibernate.exception.GenericJDBCException: Unable to open JDBC Connection for DDL execution
	at org.springframework.beans.factory.support.AbstractAutowireCapableBeanFactory.initializeBean(AbstractAutowireCapableBeanFactory.java:1694)
	at org.springframework.beans.factory.support.AbstractAutowireCapableBeanFactory.doCreateBean(AbstractAutowireCapableBeanFactory.java:573)
	at org.springframework.beans.factory.support.AbstractAutowireCapableBeanFactory.createBean(AbstractAutowireCapableBeanFactory.java:495)
	at org.springframework.beans.factory.support.AbstractBeanFactory.lambda$doGetBean$0(AbstractBeanFactory.java:317)
	at org.springframework.beans.factory.support.DefaultSingletonBeanRegistry.getSingleton(DefaultSingletonBeanRegistry.java:222)
	at org.springframework.beans.factory.support.AbstractBeanFactory.doGetBean(AbstractBeanFactory.java:315)
	at org.springframework.beans.factory.support.AbstractBeanFactory.getBean(AbstractBeanFactory.java:199)
	at org.springframework.context.support.AbstractApplicationContext.getBean(AbstractApplicationContext.java:1087)
	at org.springframework.context.support.AbstractApplicationContext.finishBeanFactoryInitialization(AbstractApplicationContext.java:857)
	at org.springframework.context.support.AbstractApplicationContext.refresh(AbstractApplicationContext.java:548)
	at org.springframework.boot.web.servlet.context.ServletWebServerApplicationContext.refresh(ServletWebServerApplicationContext.java:140)
	at org.springframework.boot.SpringApplication.refresh(SpringApplication.java:754)
	at org.springframework.boot.SpringApplication.refreshContext(SpringApplication.java:386)
	at org.springframework.boot.SpringApplication.run(SpringApplication.java:307)
	at org.springframework.boot.SpringApplication.run(SpringApplication.java:1242)
	at org.springframework.boot.SpringApplication.run(SpringApplication.java:1230)
	at com.silver.tss.TssApplication.main(TssApplication.java:20)
Caused by: javax.persistence.PersistenceException: [PersistenceUnit: default] Unable to build Hibernate SessionFactory; nested exception is org.hibernate.exception.GenericJDBCException: Unable to open JDBC Connection for DDL execution
	at org.springframework.orm.jpa.AbstractEntityManagerFactoryBean.buildNativeEntityManagerFactory(AbstractEntityManagerFactoryBean.java:402)
	at org.springframework.orm.jpa.AbstractEntityManagerFactoryBean.afterPropertiesSet(AbstractEntityManagerFactoryBean.java:377)
	at org.springframework.orm.jpa.LocalContainerEntityManagerFactoryBean.afterPropertiesSet(LocalContainerEntityManagerFactoryBean.java:341)
	at org.springframework.beans.factory.support.AbstractAutowireCapableBeanFactory.invokeInitMethods(AbstractAutowireCapableBeanFactory.java:1753)
	at org.springframework.beans.factory.support.AbstractAutowireCapableBeanFactory.initializeBean(AbstractAutowireCapableBeanFactory.java:1690)
	... 16 common frames omitted
Caused by: org.hibernate.exception.GenericJDBCException: Unable to open JDBC Connection for DDL execution
	at org.hibernate.exception.internal.StandardSQLExceptionConverter.convert(StandardSQLExceptionConverter.java:47)
	at org.hibernate.engine.jdbc.spi.SqlExceptionHelper.convert(SqlExceptionHelper.java:111)
	at org.hibernate.engine.jdbc.spi.SqlExceptionHelper.convert(SqlExceptionHelper.java:97)
	at org.hibernate.resource.transaction.backend.jdbc.internal.DdlTransactionIsolatorNonJtaImpl.getIsolatedConnection(DdlTransactionIsolatorNonJtaImpl.java:69)
	at org.hibernate.tool.schema.internal.exec.ImprovedExtractionContextImpl.getJdbcConnection(ImprovedExtractionContextImpl.java:60)
	at org.hibernate.tool.schema.internal.exec.ImprovedExtractionContextImpl.getJdbcDatabaseMetaData(ImprovedExtractionContextImpl.java:67)
	at org.hibernate.tool.schema.extract.internal.InformationExtractorJdbcDatabaseMetaDataImpl.getTables(InformationExtractorJdbcDatabaseMetaDataImpl.java:329)
	at org.hibernate.tool.schema.extract.internal.DatabaseInformationImpl.getTablesInformation(DatabaseInformationImpl.java:120)
	at org.hibernate.tool.schema.internal.GroupedSchemaMigratorImpl.performTablesMigration(GroupedSchemaMigratorImpl.java:65)
	at org.hibernate.tool.schema.internal.AbstractSchemaMigrator.performMigration(AbstractSchemaMigrator.java:207)
	at org.hibernate.tool.schema.internal.AbstractSchemaMigrator.doMigration(AbstractSchemaMigrator.java:114)
	at org.hibernate.tool.schema.spi.SchemaManagementToolCoordinator.performDatabaseAction(SchemaManagementToolCoordinator.java:183)
	at org.hibernate.tool.schema.spi.SchemaManagementToolCoordinator.process(SchemaManagementToolCoordinator.java:72)
	at org.hibernate.internal.SessionFactoryImpl.<init>(SessionFactoryImpl.java:312)
	at org.hibernate.boot.internal.SessionFactoryBuilderImpl.build(SessionFactoryBuilderImpl.java:462)
	at org.hibernate.jpa.boot.internal.EntityManagerFactoryBuilderImpl.build(EntityManagerFactoryBuilderImpl.java:892)
	at org.springframework.orm.jpa.vendor.SpringHibernateJpaPersistenceProvider.createContainerEntityManagerFactory(SpringHibernateJpaPersistenceProvider.java:57)
	at org.springframework.orm.jpa.LocalContainerEntityManagerFactoryBean.createNativeEntityManagerFactory(LocalContainerEntityManagerFactoryBean.java:365)
	at org.springframework.orm.jpa.AbstractEntityManagerFactoryBean.buildNativeEntityManagerFactory(AbstractEntityManagerFactoryBean.java:390)
	... 20 common frames omitted
Caused by: java.sql.SQLException: Access denied for user 'root'@'localhost' (using password: YES)
	at com.mysql.cj.jdbc.exceptions.SQLError.createSQLException(SQLError.java:129)
	at com.mysql.cj.jdbc.exceptions.SQLError.createSQLException(SQLError.java:97)
	at com.mysql.cj.jdbc.exceptions.SQLExceptionsMapping.translateException(SQLExceptionsMapping.java:122)
	at com.mysql.cj.jdbc.ConnectionImpl.createNewIO(ConnectionImpl.java:832)
	at com.mysql.cj.jdbc.ConnectionImpl.<init>(ConnectionImpl.java:456)
	at com.mysql.cj.jdbc.ConnectionImpl.getInstance(ConnectionImpl.java:240)
	at com.mysql.cj.jdbc.NonRegisteringDriver.connect(NonRegisteringDriver.java:207)
	at com.zaxxer.hikari.util.DriverDataSource.getConnection(DriverDataSource.java:117)
	at com.zaxxer.hikari.util.DriverDataSource.getConnection(DriverDataSource.java:123)
	at com.zaxxer.hikari.pool.PoolBase.newConnection(PoolBase.java:365)
	at com.zaxxer.hikari.pool.PoolBase.newPoolEntry(PoolBase.java:194)
	at com.zaxxer.hikari.pool.HikariPool.createPoolEntry(HikariPool.java:460)
	at com.zaxxer.hikari.pool.HikariPool.checkFailFast(HikariPool.java:534)
	at com.zaxxer.hikari.pool.HikariPool.<init>(HikariPool.java:115)
	at com.zaxxer.hikari.HikariDataSource.getConnection(HikariDataSource.java:112)
	at org.hibernate.engine.jdbc.connections.internal.DatasourceConnectionProviderImpl.getConnection(DatasourceConnectionProviderImpl.java:122)
	at org.hibernate.engine.jdbc.env.internal.JdbcEnvironmentInitiator$ConnectionProviderJdbcConnectionAccess.obtainConnection(JdbcEnvironmentInitiator.java:180)
	at org.hibernate.resource.transaction.backend.jdbc.internal.DdlTransactionIsolatorNonJtaImpl.getIsolatedConnection(DdlTransactionIsolatorNonJtaImpl.java:43)
	... 35 common frames omitted
2019/04/21-16:24 [main] INFO  com.silver.tss.TssApplication- Starting TssApplication on LynchdeMacBook-Pro.local with PID 97616 (/Users/lynch/Documents/Idea/TSS-master/target/classes started by lynch in /Users/lynch/Documents/Idea/TSS-master)
2019/04/21-16:24 [main] INFO  com.silver.tss.TssApplication- No active profile set, falling back to default profiles: default
2019/04/21-16:24 [main] INFO  org.springframework.boot.web.servlet.context.AnnotationConfigServletWebServerApplicationContext- Refreshing org.springframework.boot.web.servlet.context.AnnotationConfigServletWebServerApplicationContext@3e92efc3: startup date [Sun Apr 21 16:24:51 CST 2019]; root of context hierarchy
2019/04/21-16:24 [main] INFO  org.springframework.context.support.PostProcessorRegistrationDelegate$BeanPostProcessorChecker- Bean 'org.springframework.transaction.annotation.ProxyTransactionManagementConfiguration' of type [org.springframework.transaction.annotation.ProxyTransactionManagementConfiguration$$EnhancerBySpringCGLIB$$dac6e1e] is not eligible for getting processed by all BeanPostProcessors (for example: not eligible for auto-proxying)
2019/04/21-16:24 [main] INFO  org.springframework.boot.web.embedded.tomcat.TomcatWebServer- Tomcat initialized with port(s): 8080 (http)
2019/04/21-16:24 [main] INFO  org.apache.catalina.core.StandardService- Starting service [Tomcat]
2019/04/21-16:24 [main] INFO  org.apache.catalina.core.StandardEngine- Starting Servlet Engine: Apache Tomcat/8.5.34
2019/04/21-16:24 [localhost-startStop-1] INFO  org.apache.catalina.core.AprLifecycleListener- The APR based Apache Tomcat Native library which allows optimal performance in production environments was not found on the java.library.path: [/Users/lynch/Library/Java/Extensions:/Library/Java/Extensions:/Network/Library/Java/Extensions:/System/Library/Java/Extensions:/usr/lib/java:.]
2019/04/21-16:24 [localhost-startStop-1] INFO  org.apache.catalina.core.ContainerBase.[Tomcat].[localhost].[/]- Initializing Spring embedded WebApplicationContext
2019/04/21-16:24 [localhost-startStop-1] INFO  org.springframework.web.context.ContextLoader- Root WebApplicationContext: initialization completed in 2302 ms
2019/04/21-16:24 [localhost-startStop-1] INFO  org.springframework.boot.web.servlet.ServletRegistrationBean- Servlet dispatcherServlet mapped to [/]
2019/04/21-16:24 [localhost-startStop-1] INFO  org.springframework.boot.web.servlet.FilterRegistrationBean- Mapping filter: 'characterEncodingFilter' to: [/*]
2019/04/21-16:24 [localhost-startStop-1] INFO  org.springframework.boot.web.servlet.FilterRegistrationBean- Mapping filter: 'hiddenHttpMethodFilter' to: [/*]
2019/04/21-16:24 [localhost-startStop-1] INFO  org.springframework.boot.web.servlet.FilterRegistrationBean- Mapping filter: 'httpPutFormContentFilter' to: [/*]
2019/04/21-16:24 [localhost-startStop-1] INFO  org.springframework.boot.web.servlet.FilterRegistrationBean- Mapping filter: 'requestContextFilter' to: [/*]
2019/04/21-16:24 [main] INFO  org.springframework.orm.jpa.LocalContainerEntityManagerFactoryBean- Building JPA container EntityManagerFactory for persistence unit 'default'
2019/04/21-16:24 [main] INFO  org.hibernate.jpa.internal.util.LogHelper- HHH000204: Processing PersistenceUnitInfo [
	name: default
	...]
2019/04/21-16:24 [main] INFO  org.hibernate.Version- HHH000412: Hibernate Core {5.2.17.Final}
2019/04/21-16:24 [main] INFO  org.hibernate.cfg.Environment- HHH000206: hibernate.properties not found
2019/04/21-16:24 [main] INFO  org.hibernate.annotations.common.Version- HCANN000001: Hibernate Commons Annotations {5.0.1.Final}
2019/04/21-16:24 [main] INFO  com.zaxxer.hikari.HikariDataSource- HikariPool-1 - Starting...
2019/04/21-16:24 [main] INFO  com.zaxxer.hikari.HikariDataSource- HikariPool-1 - Start completed.
2019/04/21-16:24 [main] INFO  org.hibernate.dialect.Dialect- HHH000400: Using dialect: org.hibernate.dialect.MySQL5Dialect
2019/04/21-16:24 [main] INFO  org.springframework.orm.jpa.LocalContainerEntityManagerFactoryBean- Initialized JPA EntityManagerFactory for persistence unit 'default'
2019/04/21-16:24 [main] INFO  org.hibernate.hql.internal.QueryTranslatorFactoryInitiator- HHH000397: Using ASTQueryTranslatorFactory
2019/04/21-16:24 [main] INFO  org.springframework.web.servlet.handler.SimpleUrlHandlerMapping- Mapped URL path [/**/favicon.ico] onto handler of type [class org.springframework.web.servlet.resource.ResourceHttpRequestHandler]
2019/04/21-16:24 [main] INFO  org.springframework.web.servlet.mvc.method.annotation.RequestMappingHandlerAdapter- Looking for @ControllerAdvice: org.springframework.boot.web.servlet.context.AnnotationConfigServletWebServerApplicationContext@3e92efc3: startup date [Sun Apr 21 16:24:51 CST 2019]; root of context hierarchy
2019/04/21-16:24 [main] WARN  org.springframework.boot.autoconfigure.orm.jpa.JpaBaseConfiguration$JpaWebConfiguration$JpaWebMvcConfiguration- spring.jpa.open-in-view is enabled by default. Therefore, database queries may be performed during view rendering. Explicitly configure spring.jpa.open-in-view to disable this warning
2019/04/21-16:24 [main] INFO  org.springframework.web.servlet.mvc.method.annotation.RequestMappingHandlerMapping- Mapped "{[/excel/import/students],methods=[POST]}" onto public com.alibaba.fastjson.JSONObject com.silver.tss.web.ExcelController.importStudents(org.springframework.web.multipart.MultipartFile)
2019/04/21-16:24 [main] INFO  org.springframework.web.servlet.mvc.method.annotation.RequestMappingHandlerMapping- Mapped "{[/excel/import/topics],methods=[POST]}" onto public com.alibaba.fastjson.JSONObject com.silver.tss.web.ExcelController.importTopics(org.springframework.web.multipart.MultipartFile)
2019/04/21-16:24 [main] INFO  org.springframework.web.servlet.mvc.method.annotation.RequestMappingHandlerMapping- Mapped "{[/excel/import/osstopics],methods=[POST]}" onto public com.alibaba.fastjson.JSONObject com.silver.tss.web.ExcelController.importOSSTopics(org.springframework.web.multipart.MultipartFile)
2019/04/21-16:24 [main] INFO  org.springframework.web.servlet.mvc.method.annotation.RequestMappingHandlerMapping- Mapped "{[/excel/import/teachers],methods=[POST]}" onto public com.alibaba.fastjson.JSONObject com.silver.tss.web.ExcelController.importTeachers(org.springframework.web.multipart.MultipartFile)
2019/04/21-16:24 [main] INFO  org.springframework.web.servlet.mvc.method.annotation.RequestMappingHandlerMapping- Mapped "{[/excel/export/students],methods=[GET]}" onto public void com.silver.tss.web.ExcelController.exportStudents(java.lang.String,javax.servlet.http.HttpServletResponse)
2019/04/21-16:24 [main] INFO  org.springframework.web.servlet.mvc.method.annotation.RequestMappingHandlerMapping- Mapped "{[/statistics/get/class],methods=[GET]}" onto public com.alibaba.fastjson.JSONObject com.silver.tss.web.StatisticsController.getClassInfo(java.lang.String)
2019/04/21-16:24 [main] INFO  org.springframework.web.servlet.mvc.method.annotation.RequestMappingHandlerMapping- Mapped "{[/statistics/get/type],methods=[GET]}" onto public com.alibaba.fastjson.JSONObject com.silver.tss.web.StatisticsController.getTypeInfo(java.lang.String)
2019/04/21-16:24 [main] INFO  org.springframework.web.servlet.mvc.method.annotation.RequestMappingHandlerMapping- Mapped "{[/statistics/get/topic],methods=[GET]}" onto public com.alibaba.fastjson.JSONObject com.silver.tss.web.StatisticsController.getTopicInfo(java.lang.String)
2019/04/21-16:24 [main] INFO  org.springframework.web.servlet.mvc.method.annotation.RequestMappingHandlerMapping- Mapped "{[/statistics/get/final],methods=[GET]}" onto public com.alibaba.fastjson.JSONObject com.silver.tss.web.StatisticsController.getFinalInfo()
2019/04/21-16:24 [main] INFO  org.springframework.web.servlet.mvc.method.annotation.RequestMappingHandlerMapping- Mapped "{[/status/change/status],methods=[GET]}" onto public com.alibaba.fastjson.JSONObject com.silver.tss.web.StatusController.changeStatus(int)
2019/04/21-16:24 [main] INFO  org.springframework.web.servlet.mvc.method.annotation.RequestMappingHandlerMapping- Mapped "{[/status/change/topictime],methods=[GET]}" onto public com.alibaba.fastjson.JSONObject com.silver.tss.web.StatusController.setTopicTime(java.lang.String,java.lang.String)
2019/04/21-16:24 [main] INFO  org.springframework.web.servlet.mvc.method.annotation.RequestMappingHandlerMapping- Mapped "{[/student/login],methods=[GET]}" onto public com.alibaba.fastjson.JSONObject com.silver.tss.web.StudentController.login(java.lang.String,java.lang.String)
2019/04/21-16:24 [main] INFO  org.springframework.web.servlet.mvc.method.annotation.RequestMappingHandlerMapping- Mapped "{[/student/update/pwd],methods=[GET]}" onto public com.alibaba.fastjson.JSONObject com.silver.tss.web.StudentController.updatePwd(java.lang.String,java.lang.String)
2019/04/21-16:24 [main] INFO  org.springframework.web.servlet.mvc.method.annotation.RequestMappingHandlerMapping- Mapped "{[/student/get/list],methods=[GET]}" onto public com.alibaba.fastjson.JSONObject com.silver.tss.web.StudentController.getStudentsList(java.lang.String)
2019/04/21-16:24 [main] INFO  org.springframework.web.servlet.mvc.method.annotation.RequestMappingHandlerMapping- Mapped "{[/teacher/login],methods=[GET]}" onto public com.alibaba.fastjson.JSONObject com.silver.tss.web.TeacherController.login(java.lang.String,java.lang.String)
2019/04/21-16:24 [main] INFO  org.springframework.web.servlet.mvc.method.annotation.RequestMappingHandlerMapping- Mapped "{[/teacher/update/pwd],methods=[GET]}" onto public com.alibaba.fastjson.JSONObject com.silver.tss.web.TeacherController.updatePwd(java.lang.String,java.lang.String)
2019/04/21-16:24 [main] INFO  org.springframework.web.servlet.mvc.method.annotation.RequestMappingHandlerMapping- Mapped "{[/topic/select/topic],methods=[GET]}" onto public com.alibaba.fastjson.JSONObject com.silver.tss.web.TopicController.selectTopic(java.lang.String,java.lang.String)
2019/04/21-16:24 [main] INFO  org.springframework.web.servlet.mvc.method.annotation.RequestMappingHandlerMapping- Mapped "{[/topic/drop/topic],methods=[GET]}" onto public com.alibaba.fastjson.JSONObject com.silver.tss.web.TopicController.dropTopic(java.lang.String,java.lang.String)
2019/04/21-16:24 [main] INFO  org.springframework.web.servlet.mvc.method.annotation.RequestMappingHandlerMapping- Mapped "{[/topic/delete/topic],methods=[GET]}" onto public com.alibaba.fastjson.JSONObject com.silver.tss.web.TopicController.deleteTopic(java.lang.String)
2019/04/21-16:24 [main] INFO  org.springframework.web.servlet.mvc.method.annotation.RequestMappingHandlerMapping- Mapped "{[/topic/update/topic],methods=[GET]}" onto public com.alibaba.fastjson.JSONObject com.silver.tss.web.TopicController.updateTopic(java.lang.String,java.lang.String,java.lang.String)
2019/04/21-16:24 [main] INFO  org.springframework.web.servlet.mvc.method.annotation.RequestMappingHandlerMapping- Mapped "{[/topic/show/selectedtopic],methods=[GET]}" onto public com.alibaba.fastjson.JSONObject com.silver.tss.web.TopicController.selectedTopic(java.lang.String)
2019/04/21-16:24 [main] INFO  org.springframework.web.servlet.mvc.method.annotation.RequestMappingHandlerMapping- Mapped "{[/topic/update/data],methods=[POST]}" onto public com.alibaba.fastjson.JSONObject com.silver.tss.web.TopicController.updateTopicData(com.silver.tss.domain.Topic)
2019/04/21-16:24 [main] INFO  org.springframework.web.servlet.mvc.method.annotation.RequestMappingHandlerMapping- Mapped "{[/topic/get/list],methods=[GET]}" onto public com.alibaba.fastjson.JSONObject com.silver.tss.web.TopicController.getTopicsList()
2019/04/21-16:24 [main] INFO  org.springframework.web.servlet.mvc.method.annotation.RequestMappingHandlerMapping- Mapped "{[/error]}" onto public org.springframework.http.ResponseEntity<java.util.Map<java.lang.String, java.lang.Object>> org.springframework.boot.autoconfigure.web.servlet.error.BasicErrorController.error(javax.servlet.http.HttpServletRequest)
2019/04/21-16:24 [main] INFO  org.springframework.web.servlet.mvc.method.annotation.RequestMappingHandlerMapping- Mapped "{[/error],produces=[text/html]}" onto public org.springframework.web.servlet.ModelAndView org.springframework.boot.autoconfigure.web.servlet.error.BasicErrorController.errorHtml(javax.servlet.http.HttpServletRequest,javax.servlet.http.HttpServletResponse)
2019/04/21-16:24 [main] INFO  org.springframework.web.servlet.handler.SimpleUrlHandlerMapping- Mapped URL path [/webjars/**] onto handler of type [class org.springframework.web.servlet.resource.ResourceHttpRequestHandler]
2019/04/21-16:24 [main] INFO  org.springframework.web.servlet.handler.SimpleUrlHandlerMapping- Mapped URL path [/**] onto handler of type [class org.springframework.web.servlet.resource.ResourceHttpRequestHandler]
2019/04/21-16:24 [main] INFO  org.springframework.jmx.export.annotation.AnnotationMBeanExporter- Registering beans for JMX exposure on startup
2019/04/21-16:24 [main] INFO  org.springframework.jmx.export.annotation.AnnotationMBeanExporter- Bean with name 'dataSource' has been autodetected for JMX exposure
2019/04/21-16:24 [main] INFO  org.springframework.jmx.export.annotation.AnnotationMBeanExporter- Located MBean 'dataSource': registering with JMX server as MBean [com.zaxxer.hikari:name=dataSource,type=HikariDataSource]
2019/04/21-16:24 [main] INFO  org.springframework.boot.web.embedded.tomcat.TomcatWebServer- Tomcat started on port(s): 8080 (http) with context path ''
2019/04/21-16:24 [main] INFO  com.silver.tss.TssApplication- Started TssApplication in 5.731 seconds (JVM running for 6.535)
2019/04/21-16:25 [Thread-14] INFO  org.springframework.boot.web.servlet.context.AnnotationConfigServletWebServerApplicationContext- Closing org.springframework.boot.web.servlet.context.AnnotationConfigServletWebServerApplicationContext@3e92efc3: startup date [Sun Apr 21 16:24:51 CST 2019]; root of context hierarchy
2019/04/21-16:25 [Thread-14] INFO  org.springframework.jmx.export.annotation.AnnotationMBeanExporter- Unregistering JMX-exposed beans on shutdown
2019/04/21-16:25 [Thread-14] INFO  org.springframework.jmx.export.annotation.AnnotationMBeanExporter- Unregistering JMX-exposed beans
2019/04/21-16:25 [Thread-14] INFO  org.springframework.orm.jpa.LocalContainerEntityManagerFactoryBean- Closing JPA EntityManagerFactory for persistence unit 'default'
2019/04/21-16:25 [Thread-14] INFO  com.zaxxer.hikari.HikariDataSource- HikariPool-1 - Shutdown initiated...
2019/04/21-16:25 [Thread-14] INFO  com.zaxxer.hikari.HikariDataSource- HikariPool-1 - Shutdown completed.
